[2024-02-03 05:30:17] [cloudflare::change_browser_cache_ttl] Error wp_remote_post: Connection error: cURL error 28: Operation timed out after 10001 milliseconds with 0 bytes received
[2024-02-03 05:30:55] [cloudflare::change_browser_cache_ttl] Error wp_remote_post: Connection error: cURL error 28: Operation timed out after 10001 milliseconds with 0 bytes received
[2024-02-03 05:32:23] [cache_controller::purge_cache_queue_write] queue file not exist
[2024-02-03 05:32:23] [cache_controller::purge_on_plugin_update] Purge whole Cloudflare cache (fired action: upgrader_process_complete)
[2024-02-03 05:34:17] [cache_controller::ajax_purge_whole_cache] Purge whole Cloudflare cache
[2024-02-03 05:34:20] [cache_controller::purge_opcache] Purge OPcache cache
[2024-02-03 05:34:20] [cache_controller::purge_object_cache] Purge object cache
[2024-02-03 05:34:20] [cache_controller::purge_all] Purged whole Cloudflare cache
[2024-02-03 05:34:20] [cloudflare::start_preloader_for_all_urls] Getting last published posts for post types: Array
(
    [0] => post
    [1] => page
)

[2024-02-03 05:34:20] [cache_controller::start_cache_preloader_for_specific_urls] Adding 21 URLs to preloader queue
[2024-02-03 05:34:21] [preloader::task] Preloading URL https://use010.xyz/11838.html
[2024-02-03 05:34:25] [preloader::task] Preloading URL https://use010.xyz/11831.html
[2024-02-03 05:34:28] [preloader::task] Preloading URL https://use010.xyz/11825.html
[2024-02-03 05:34:30] [preloader::task] Preloading URL https://use010.xyz/11817.html
[2024-02-03 05:34:32] [preloader::task] Preloading URL https://use010.xyz/11809.html
[2024-02-03 05:34:34] [preloader::task] Preloading URL https://use010.xyz/11794.html
[2024-02-03 05:34:37] [preloader::task] Preloading URL https://use010.xyz/11780.html
[2024-02-03 05:34:39] [preloader::task] Preloading URL https://use010.xyz/11771.html
[2024-02-03 05:34:41] [preloader::task] Preloading URL https://use010.xyz/11763.html
[2024-02-03 05:34:44] [preloader::task] Preloading URL https://use010.xyz/11751.html
[2024-02-03 05:34:46] [preloader::task] Preloading URL https://use010.xyz/11745.html
[2024-02-03 05:34:48] [preloader::task] Preloading URL https://use010.xyz/9164.html
[2024-02-03 05:34:51] [preloader::task] Preloading URL https://use010.xyz/11687.html
[2024-02-03 05:34:53] [preloader::task] Preloading URL https://use010.xyz/11679.html
[2024-02-03 05:34:55] [preloader::task] Preloading URL https://use010.xyz/11667.html
[2024-02-03 05:34:57] [preloader::task] Preloading URL https://use010.xyz/11658.html
[2024-02-03 05:35:00] [preloader::task] Preloading URL https://use010.xyz/10586.html
[2024-02-03 05:35:02] [preloader::task] Preloading URL https://use010.xyz/10569.html
[2024-02-03 05:35:03] [cloudflare::page_cache_test] Start test to https://use010.xyz with headers Array
(
    [timeout] => 10
    [sslverify] => 
    [user-agent] => Mozilla/5.0 (Windows NT 6.1; Win64; x64; rv:59.0) Gecko/20100101 Firefox/59.0
    [headers] => Array
        (
            [Accept] => text/html
        )

)

[2024-02-03 05:35:04] [cloudflare::page_cache_test] Response Headers: \WpOrg\Requests\Utility\CaseInsensitiveDictionary::__set_state(array(
   'data' => 
  array (
    'date' => 'Fri, 02 Feb 2024 21:35:04 GMT',
    'content-type' => 'text/html; charset=UTF-8',
    'vary' => 'Accept-Encoding',
    'link' => '<https://use010.xyz/wp-json/>; rel="https://api.w.org/"',
    'cache-control' => 's-maxage=31536000, max-age=60',
    'x-wp-cf-super-cache' => 'cache',
    'x-wp-cf-super-cache-active' => '1',
    'x-wp-cf-super-cache-cache-control' => 's-maxage=31536000, max-age=60',
    'x-wp-cf-super-cache-cookies-bypass' => 'swfpc-feature-not-enabled',
    'strict-transport-security' => 'max-age=31536000',
    'last-modified' => 'Fri, 02 Feb 2024 21:35:04 GMT',
    'cf-cache-status' => 'MISS',
    'report-to' => '{"endpoints":[{"url":"https:\\/\\/a.nel.cloudflare.com\\/report\\/v3?s=tk2NAXQYgSm35CcVSGMIilpOsHehk3jorc8NosbJwFRnB1jbzve7OJ1BolkV7UhnOAy7WbhUYrkCYKlFwD7hl3NzTyJ0s75cB8FfcDLNwgYT5LNykA5rNQoZA7qR"}],"group":"cf-nel","max_age":604800}',
    'nel' => '{"success_fraction":0,"report_to":"cf-nel","max_age":604800}',
    'server' => 'cloudflare',
    'cf-ray' => '84f58fd1eb933de9-SIN',
    'content-encoding' => 'br',
    'alt-svc' => 'h3=":443"; ma=86400',
  ),
))
[2024-02-03 05:35:04] [preloader::task] Preloading URL https://use010.xyz/10562.html
[2024-02-03 05:35:07] [preloader::task] Preloading URL https://use010.xyz/10554.html
[2024-02-03 05:35:09] [preloader::task] Preloading URL https://use010.xyz/
[2024-02-03 05:35:11] [preloader::task] Preloading complete
[2024-02-03 05:41:55] [cache_controller::ajax_purge_whole_cache] Purge whole Cloudflare cache
[2024-02-03 05:41:56] [cache_controller::purge_opcache] Purge OPcache cache
[2024-02-03 05:41:56] [cache_controller::purge_object_cache] Purge object cache
[2024-02-03 05:41:56] [cache_controller::purge_all] Purged whole Cloudflare cache
[2024-02-03 05:41:56] [cloudflare::start_preloader_for_all_urls] Getting last published posts for post types: Array
(
    [0] => post
    [1] => page
)

[2024-02-03 05:41:56] [cache_controller::start_cache_preloader_for_specific_urls] Adding 21 URLs to preloader queue
[2024-02-03 05:41:57] [preloader::task] Preloading URL https://use010.xyz/11838.html
[2024-02-03 05:41:59] [preloader::task] Preloading URL https://use010.xyz/11831.html
[2024-02-03 05:42:03] [preloader::task] Preloading URL https://use010.xyz/11825.html
[2024-02-03 05:42:06] [preloader::task] Preloading URL https://use010.xyz/11817.html
[2024-02-03 05:42:08] [preloader::task] Preloading URL https://use010.xyz/11809.html
[2024-02-03 05:42:10] [preloader::task] Preloading URL https://use010.xyz/11794.html
[2024-02-03 05:42:14] [preloader::task] Preloading URL https://use010.xyz/11780.html
[2024-02-03 05:42:16] [preloader::task] Preloading URL https://use010.xyz/11771.html
[2024-02-03 05:42:18] [preloader::task] Preloading URL https://use010.xyz/11763.html
[2024-02-03 05:42:21] [preloader::task] Preloading URL https://use010.xyz/11751.html
[2024-02-03 05:42:23] [preloader::task] Preloading URL https://use010.xyz/11745.html
[2024-02-03 05:42:25] [preloader::task] Preloading URL https://use010.xyz/9164.html
[2024-02-03 05:42:27] [preloader::task] Preloading URL https://use010.xyz/11687.html
[2024-02-03 05:42:30] [preloader::task] Preloading URL https://use010.xyz/11679.html
[2024-02-03 05:42:32] [preloader::task] Preloading URL https://use010.xyz/11667.html
[2024-02-03 05:42:34] [preloader::task] Preloading URL https://use010.xyz/11658.html
[2024-02-03 05:42:36] [preloader::task] Preloading URL https://use010.xyz/10586.html
[2024-02-03 05:42:38] [preloader::task] Preloading URL https://use010.xyz/10569.html
[2024-02-03 05:42:40] [preloader::task] Preloading URL https://use010.xyz/10562.html
[2024-02-03 05:42:43] [preloader::task] Preloading URL https://use010.xyz/10554.html
[2024-02-03 05:42:45] [preloader::task] Preloading URL https://use010.xyz/
[2024-02-03 05:42:47] [preloader::task] Preloading complete
[2024-02-03 05:44:04] [cache_controller::purge_cache_on_post_edit] Purge Cloudflare cache for only post id 11839 and related contents - Fired action: delete_attachment
[2024-02-03 05:44:07] [cache_controller::purge_cache_on_post_edit] Purge Cloudflare cache for only post id 11840 and related contents - Fired action: delete_attachment
[2024-02-03 05:44:10] [cache_controller::purge_cache_on_post_edit] Purge Cloudflare cache for only post id 11841 and related contents - Fired action: delete_attachment
[2024-02-03 05:44:40] [cache_controller::purge_cache_on_post_edit] Purge Cloudflare cache for only post id 11845 and related contents - Fired action: clean_post_cache
[2024-02-03 05:44:40] [cache_controller::purge_cache_on_post_edit] Purge Cloudflare cache for only post id 11846 and related contents - Fired action: clean_post_cache
[2024-02-03 05:45:28] [cache_controller::purge_cache_on_post_edit] Purge Cloudflare cache for only post id 11847 and related contents - Fired action: clean_post_cache
[2024-02-03 05:45:33] [cache_controller::purge_cache_on_post_edit] Purge Cloudflare cache for only post id 11838 and related contents - Fired action: clean_post_cache
[2024-02-03 05:45:33] [cache_controller::purge_cache_on_post_edit] Purge Cloudflare cache for only post id 11838 and related contents - Fired action: clean_post_cache
[2024-02-03 05:46:32] [cache_controller::ajax_purge_whole_cache] Purge whole Cloudflare cache
[2024-02-03 05:46:33] [cache_controller::purge_opcache] Purge OPcache cache
[2024-02-03 05:46:33] [cache_controller::purge_object_cache] Purge object cache
[2024-02-03 05:46:33] [cache_controller::purge_all] Purged whole Cloudflare cache
[2024-02-03 05:46:33] [cloudflare::start_preloader_for_all_urls] Getting last published posts for post types: Array
(
    [0] => post
    [1] => page
)

[2024-02-03 05:46:33] [cache_controller::start_cache_preloader_for_specific_urls] Adding 21 URLs to preloader queue
[2024-02-03 05:46:33] [preloader::task] Preloading URL https://use010.xyz/11838.html
[2024-02-03 05:46:36] [preloader::task] Preloading URL https://use010.xyz/11831.html
[2024-02-03 05:46:40] [preloader::task] Preloading URL https://use010.xyz/11825.html
[2024-02-03 05:46:42] [preloader::task] Preloading URL https://use010.xyz/11817.html
[2024-02-03 05:46:45] [preloader::task] Preloading URL https://use010.xyz/11809.html
[2024-02-03 05:46:47] [preloader::task] Preloading URL https://use010.xyz/11794.html
[2024-02-03 05:46:49] [preloader::task] Preloading URL https://use010.xyz/11780.html
[2024-02-03 05:46:51] [preloader::task] Preloading URL https://use010.xyz/11771.html
[2024-02-03 05:46:56] [preloader::task] Preloading URL https://use010.xyz/11763.html
[2024-02-03 05:46:58] [preloader::task] Preloading URL https://use010.xyz/11751.html
[2024-02-03 05:47:00] [preloader::task] Preloading URL https://use010.xyz/11745.html
[2024-02-03 05:47:02] [preloader::task] Preloading URL https://use010.xyz/9164.html
[2024-02-03 05:47:04] [preloader::task] Preloading URL https://use010.xyz/11687.html
[2024-02-03 05:47:07] [preloader::task] Preloading URL https://use010.xyz/11679.html
[2024-02-03 05:47:09] [preloader::task] Preloading URL https://use010.xyz/11667.html
[2024-02-03 05:47:11] [preloader::task] Preloading URL https://use010.xyz/11658.html
[2024-02-03 05:47:13] [preloader::task] Preloading URL https://use010.xyz/10586.html
[2024-02-03 05:47:15] [preloader::task] Preloading URL https://use010.xyz/10569.html
[2024-02-03 05:47:18] [preloader::task] Preloading URL https://use010.xyz/10562.html
[2024-02-03 05:47:20] [preloader::task] Preloading URL https://use010.xyz/10554.html
[2024-02-03 05:47:22] [preloader::task] Preloading URL https://use010.xyz/
[2024-02-03 05:47:24] [preloader::task] Preloading complete
[2024-02-03 05:48:32] [cache_controller::ajax_purge_whole_cache] Purge whole Cloudflare cache
[2024-02-03 05:48:33] [cache_controller::purge_opcache] Purge OPcache cache
[2024-02-03 05:48:33] [cache_controller::purge_object_cache] Purge object cache
[2024-02-03 05:48:33] [cache_controller::purge_all] Purged whole Cloudflare cache
[2024-02-03 05:48:33] [cloudflare::start_preloader_for_all_urls] Getting last published posts for post types: Array
(
    [0] => post
    [1] => page
)

[2024-02-03 05:48:33] [cache_controller::start_cache_preloader_for_specific_urls] Adding 21 URLs to preloader queue
[2024-02-03 05:48:33] [preloader::task] Preloading URL https://use010.xyz/11838.html
[2024-02-03 05:48:36] [preloader::task] Preloading URL https://use010.xyz/11831.html
[2024-02-03 05:48:40] [preloader::task] Preloading URL https://use010.xyz/11825.html
[2024-02-03 05:48:42] [preloader::task] Preloading URL https://use010.xyz/11817.html
[2024-02-03 05:48:44] [preloader::task] Preloading URL https://use010.xyz/11809.html
[2024-02-03 05:48:47] [preloader::task] Preloading URL https://use010.xyz/11794.html
[2024-02-03 05:48:49] [preloader::task] Preloading URL https://use010.xyz/11780.html
[2024-02-03 05:48:51] [preloader::task] Preloading URL https://use010.xyz/11771.html
[2024-02-03 05:48:54] [preloader::task] Preloading URL https://use010.xyz/11763.html
[2024-02-03 05:48:57] [preloader::task] Preloading URL https://use010.xyz/11751.html
[2024-02-03 05:48:59] [preloader::task] Preloading URL https://use010.xyz/11745.html
[2024-02-03 05:49:01] [preloader::task] Preloading URL https://use010.xyz/9164.html
[2024-02-03 05:49:03] [preloader::task] Preloading URL https://use010.xyz/11687.html
[2024-02-03 05:49:05] [preloader::task] Preloading URL https://use010.xyz/11679.html
[2024-02-03 05:49:08] [preloader::task] Preloading URL https://use010.xyz/11667.html
[2024-02-03 05:49:10] [preloader::task] Preloading URL https://use010.xyz/11658.html
[2024-02-03 05:49:12] [preloader::task] Preloading URL https://use010.xyz/10586.html
[2024-02-03 05:49:14] [preloader::task] Preloading URL https://use010.xyz/10569.html
[2024-02-03 05:49:16] [preloader::task] Preloading URL https://use010.xyz/10562.html
[2024-02-03 05:49:18] [preloader::task] Preloading URL https://use010.xyz/10554.html
[2024-02-03 05:49:21] [preloader::task] Preloading URL https://use010.xyz/
[2024-02-03 05:49:23] [preloader::task] Preloading complete
[2024-02-03 05:51:07] [cache_controller::ajax_purge_whole_cache] Purge whole Cloudflare cache
[2024-02-03 05:51:08] [cache_controller::purge_opcache] Purge OPcache cache
[2024-02-03 05:51:08] [cache_controller::purge_object_cache] Purge object cache
[2024-02-03 05:51:08] [cache_controller::purge_all] Purged whole Cloudflare cache
[2024-02-03 05:51:08] [cloudflare::start_preloader_for_all_urls] Getting last published posts for post types: Array
(
    [0] => post
    [1] => page
)

[2024-02-03 05:51:08] [cache_controller::start_cache_preloader_for_specific_urls] Adding 21 URLs to preloader queue
[2024-02-03 05:51:08] [preloader::task] Preloading URL https://use010.xyz/11838.html
[2024-02-03 05:51:11] [preloader::task] Preloading URL https://use010.xyz/11831.html
[2024-02-03 05:51:15] [preloader::task] Preloading URL https://use010.xyz/11825.html
[2024-02-03 05:51:17] [preloader::task] Preloading URL https://use010.xyz/11817.html
[2024-02-03 05:51:20] [preloader::task] Preloading URL https://use010.xyz/11809.html
[2024-02-03 05:51:22] [preloader::task] Preloading URL https://use010.xyz/11794.html
[2024-02-03 05:51:24] [preloader::task] Preloading URL https://use010.xyz/11780.html
[2024-02-03 05:51:28] [preloader::task] Preloading URL https://use010.xyz/11771.html
[2024-02-03 05:51:30] [preloader::task] Preloading URL https://use010.xyz/11763.html
[2024-02-03 05:51:32] [preloader::task] Preloading URL https://use010.xyz/11751.html
[2024-02-03 05:51:35] [preloader::task] Preloading URL https://use010.xyz/11745.html
[2024-02-03 05:51:37] [preloader::task] Preloading URL https://use010.xyz/9164.html
[2024-02-03 05:51:39] [preloader::task] Preloading URL https://use010.xyz/11687.html
[2024-02-03 05:51:41] [preloader::task] Preloading URL https://use010.xyz/11679.html
[2024-02-03 05:51:43] [preloader::task] Preloading URL https://use010.xyz/11667.html
[2024-02-03 05:51:45] [preloader::task] Preloading URL https://use010.xyz/11658.html
[2024-02-03 05:51:48] [preloader::task] Preloading URL https://use010.xyz/10586.html
[2024-02-03 05:51:50] [preloader::task] Preloading URL https://use010.xyz/10569.html
[2024-02-03 05:51:52] [preloader::task] Preloading URL https://use010.xyz/10562.html
[2024-02-03 05:51:54] [preloader::task] Preloading URL https://use010.xyz/10554.html
[2024-02-03 05:51:57] [preloader::task] Preloading URL https://use010.xyz/
[2024-02-03 05:51:59] [preloader::task] Preloading complete
[2024-02-03 06:20:49] [cache_controller::ajax_purge_whole_cache] Purge whole Cloudflare cache
[2024-02-03 06:20:50] [cache_controller::purge_opcache] Purge OPcache cache
[2024-02-03 06:20:50] [cache_controller::purge_object_cache] Purge object cache
[2024-02-03 06:20:50] [cache_controller::purge_all] Purged whole Cloudflare cache
[2024-02-03 06:20:50] [cloudflare::start_preloader_for_all_urls] Getting last published posts for post types: Array
(
    [0] => post
    [1] => page
)

[2024-02-03 06:20:50] [cache_controller::start_cache_preloader_for_specific_urls] Adding 21 URLs to preloader queue
[2024-02-03 06:20:51] [preloader::task] Preloading URL https://use010.xyz/11838.html
[2024-02-03 06:20:53] [preloader::task] Preloading URL https://use010.xyz/11831.html
[2024-02-03 06:20:57] [preloader::task] Preloading URL https://use010.xyz/11825.html
[2024-02-03 06:20:59] [preloader::task] Preloading URL https://use010.xyz/11817.html
[2024-02-03 06:21:02] [preloader::task] Preloading URL https://use010.xyz/11809.html
[2024-02-03 06:21:04] [preloader::task] Preloading URL https://use010.xyz/11794.html
[2024-02-03 06:21:08] [preloader::task] Preloading URL https://use010.xyz/11780.html
[2024-02-03 06:21:12] [preloader::task] Preloading URL https://use010.xyz/11771.html
[2024-02-03 06:21:14] [preloader::task] Preloading URL https://use010.xyz/11763.html
[2024-02-03 06:21:16] [preloader::task] Preloading URL https://use010.xyz/11751.html
[2024-02-03 06:21:18] [preloader::task] Preloading URL https://use010.xyz/11745.html
[2024-02-03 06:21:20] [preloader::task] Preloading URL https://use010.xyz/9164.html
[2024-02-03 06:21:22] [preloader::task] Preloading URL https://use010.xyz/11687.html
[2024-02-03 06:21:24] [preloader::task] Preloading URL https://use010.xyz/11679.html
[2024-02-03 06:21:27] [preloader::task] Preloading URL https://use010.xyz/11667.html
[2024-02-03 06:21:29] [preloader::task] Preloading URL https://use010.xyz/11658.html
[2024-02-03 06:21:31] [preloader::task] Preloading URL https://use010.xyz/10586.html
[2024-02-03 06:21:33] [preloader::task] Preloading URL https://use010.xyz/10569.html
[2024-02-03 06:21:35] [preloader::task] Preloading URL https://use010.xyz/10562.html
[2024-02-03 06:21:37] [preloader::task] Preloading URL https://use010.xyz/10554.html
[2024-02-03 06:21:39] [preloader::task] Preloading URL https://use010.xyz/
[2024-02-03 06:21:41] [preloader::task] Preloading complete
[2024-02-03 07:38:44] [cache_controller::ajax_purge_whole_cache] Purge whole Cloudflare cache
[2024-02-03 07:38:45] [cache_controller::purge_opcache] Purge OPcache cache
[2024-02-03 07:38:45] [cache_controller::purge_object_cache] Purge object cache
[2024-02-03 07:38:45] [cache_controller::purge_all] Purged whole Cloudflare cache
[2024-02-03 07:38:45] [cloudflare::start_preloader_for_all_urls] Getting last published posts for post types: Array
(
    [0] => post
    [1] => page
)

[2024-02-03 07:38:45] [cache_controller::start_cache_preloader_for_specific_urls] Adding 21 URLs to preloader queue
[2024-02-03 07:38:46] [preloader::task] Preloading URL https://use010.xyz/11838.html
[2024-02-03 07:38:48] [preloader::task] Preloading URL https://use010.xyz/11831.html
[2024-02-03 07:38:52] [preloader::task] Preloading URL https://use010.xyz/11825.html
[2024-02-03 07:38:55] [preloader::task] Preloading URL https://use010.xyz/11817.html
[2024-02-03 07:38:57] [preloader::task] Preloading URL https://use010.xyz/11809.html
[2024-02-03 07:38:59] [preloader::task] Preloading URL https://use010.xyz/11794.html
[2024-02-03 07:39:02] [preloader::task] Preloading URL https://use010.xyz/11780.html
[2024-02-03 07:39:04] [preloader::task] Preloading URL https://use010.xyz/11771.html
[2024-02-03 07:39:06] [preloader::task] Preloading URL https://use010.xyz/11763.html
[2024-02-03 07:39:09] [preloader::task] Preloading URL https://use010.xyz/11751.html
[2024-02-03 07:39:11] [preloader::task] Preloading URL https://use010.xyz/11745.html
[2024-02-03 07:39:13] [preloader::task] Preloading URL https://use010.xyz/9164.html
[2024-02-03 07:39:16] [preloader::task] Preloading URL https://use010.xyz/11687.html
[2024-02-03 07:39:18] [preloader::task] Preloading URL https://use010.xyz/11679.html
[2024-02-03 07:39:20] [preloader::task] Preloading URL https://use010.xyz/11667.html
[2024-02-03 07:39:23] [preloader::task] Preloading URL https://use010.xyz/11658.html
[2024-02-03 07:39:25] [preloader::task] Preloading URL https://use010.xyz/10586.html
[2024-02-03 07:39:27] [preloader::task] Preloading URL https://use010.xyz/10569.html
[2024-02-03 07:39:30] [preloader::task] Preloading URL https://use010.xyz/10562.html
[2024-02-03 07:39:32] [preloader::task] Preloading URL https://use010.xyz/10554.html
[2024-02-03 07:39:34] [preloader::task] Preloading URL https://use010.xyz/
[2024-02-03 07:39:37] [preloader::task] Preloading complete
[2024-02-03 07:44:03] [cache_controller::ajax_purge_whole_cache] Purge whole Cloudflare cache
[2024-02-03 07:44:05] [cache_controller::purge_opcache] Purge OPcache cache
[2024-02-03 07:44:05] [cache_controller::purge_object_cache] Purge object cache
[2024-02-03 07:44:05] [cache_controller::purge_all] Purged only 32 HTML pages from Cloudflare
[2024-02-03 07:44:05] [cloudflare::start_preloader_for_all_urls] Getting last published posts for post types: Array
(
    [0] => post
    [1] => page
)

[2024-02-03 07:44:05] [cache_controller::start_cache_preloader_for_specific_urls] Adding 21 URLs to preloader queue
[2024-02-03 07:44:05] [preloader::task] Preloading URL https://use010.xyz/11838.html
[2024-02-03 07:44:08] [preloader::task] Preloading URL https://use010.xyz/11831.html
[2024-02-03 07:44:12] [preloader::task] Preloading URL https://use010.xyz/11825.html
[2024-02-03 07:44:15] [preloader::task] Preloading URL https://use010.xyz/11817.html
[2024-02-03 07:44:17] [preloader::task] Preloading URL https://use010.xyz/11809.html
[2024-02-03 07:44:19] [preloader::task] Preloading URL https://use010.xyz/11794.html
[2024-02-03 07:44:23] [preloader::task] Preloading URL https://use010.xyz/11780.html
[2024-02-03 07:44:25] [preloader::task] Preloading URL https://use010.xyz/11771.html
[2024-02-03 07:44:28] [preloader::task] Preloading URL https://use010.xyz/11763.html
[2024-02-03 07:44:30] [preloader::task] Preloading URL https://use010.xyz/11751.html
[2024-02-03 07:44:33] [preloader::task] Preloading URL https://use010.xyz/11745.html
[2024-02-03 07:44:35] [preloader::task] Preloading URL https://use010.xyz/9164.html
[2024-02-03 07:44:37] [preloader::task] Preloading URL https://use010.xyz/11687.html
[2024-02-03 07:44:39] [preloader::task] Preloading URL https://use010.xyz/11679.html
[2024-02-03 07:44:41] [preloader::task] Preloading URL https://use010.xyz/11667.html
[2024-02-03 07:44:44] [preloader::task] Preloading URL https://use010.xyz/11658.html
[2024-02-03 07:44:46] [preloader::task] Preloading URL https://use010.xyz/10586.html
[2024-02-03 07:44:48] [preloader::task] Preloading URL https://use010.xyz/10569.html
[2024-02-03 07:44:50] [preloader::task] Preloading URL https://use010.xyz/10562.html
[2024-02-03 07:44:52] [preloader::task] Preloading URL https://use010.xyz/10554.html
[2024-02-03 07:44:54] [preloader::task] Preloading URL https://use010.xyz/
[2024-02-03 07:44:56] [preloader::task] Preloading complete
[2024-02-03 07:45:16] [cache_controller::ajax_purge_whole_cache] Purge whole Cloudflare cache
[2024-02-03 07:45:17] [cache_controller::purge_opcache] Purge OPcache cache
[2024-02-03 07:45:17] [cache_controller::purge_object_cache] Purge object cache
[2024-02-03 07:45:17] [cache_controller::purge_all] Purged whole Cloudflare cache
[2024-02-03 07:45:17] [cloudflare::start_preloader_for_all_urls] Getting last published posts for post types: Array
(
    [0] => post
    [1] => page
)

[2024-02-03 07:45:17] [cache_controller::start_cache_preloader_for_specific_urls] Adding 21 URLs to preloader queue
[2024-02-03 07:45:18] [preloader::task] Preloading URL https://use010.xyz/11838.html
[2024-02-03 07:45:21] [preloader::task] Preloading URL https://use010.xyz/11831.html
[2024-02-03 07:45:25] [preloader::task] Preloading URL https://use010.xyz/11825.html
[2024-02-03 07:45:27] [preloader::task] Preloading URL https://use010.xyz/11817.html
[2024-02-03 07:45:29] [preloader::task] Preloading URL https://use010.xyz/11809.html
[2024-02-03 07:45:32] [preloader::task] Preloading URL https://use010.xyz/11794.html
[2024-02-03 07:45:34] [preloader::task] Preloading URL https://use010.xyz/11780.html
[2024-02-03 07:45:36] [preloader::task] Preloading URL https://use010.xyz/11771.html
[2024-02-03 07:45:39] [preloader::task] Preloading URL https://use010.xyz/11763.html
[2024-02-03 07:45:41] [preloader::task] Preloading URL https://use010.xyz/11751.html
[2024-02-03 07:45:45] [preloader::task] Preloading URL https://use010.xyz/11745.html
[2024-02-03 07:45:48] [preloader::task] Preloading URL https://use010.xyz/9164.html
[2024-02-03 07:45:50] [preloader::task] Preloading URL https://use010.xyz/11687.html
[2024-02-03 07:45:52] [preloader::task] Preloading URL https://use010.xyz/11679.html
[2024-02-03 07:45:54] [preloader::task] Preloading URL https://use010.xyz/11667.html
[2024-02-03 07:45:56] [preloader::task] Preloading URL https://use010.xyz/11658.html
[2024-02-03 07:45:58] [preloader::task] Preloading URL https://use010.xyz/10586.html
[2024-02-03 07:46:01] [preloader::task] Preloading URL https://use010.xyz/10569.html
[2024-02-03 07:46:03] [preloader::task] Preloading URL https://use010.xyz/10562.html
[2024-02-03 07:46:05] [preloader::task] Preloading URL https://use010.xyz/10554.html
[2024-02-03 07:46:07] [preloader::task] Preloading URL https://use010.xyz/
[2024-02-03 07:46:10] [preloader::task] Preloading complete
[2024-02-03 07:51:49] [cache_controller::ajax_purge_whole_cache] Purge whole Cloudflare cache
[2024-02-03 07:51:50] [cache_controller::purge_opcache] Purge OPcache cache
[2024-02-03 07:51:50] [cache_controller::purge_object_cache] Purge object cache
[2024-02-03 07:51:50] [cache_controller::purge_all] Purged whole Cloudflare cache
[2024-02-03 07:51:50] [cloudflare::start_preloader_for_all_urls] Getting last published posts for post types: Array
(
    [0] => post
    [1] => page
)

[2024-02-03 07:51:51] [cache_controller::start_cache_preloader_for_specific_urls] Adding 21 URLs to preloader queue
[2024-02-03 07:51:51] [preloader::task] Preloading URL https://use010.xyz/11838.html
[2024-02-03 07:51:54] [preloader::task] Preloading URL https://use010.xyz/11831.html
[2024-02-03 07:51:58] [preloader::task] Preloading URL https://use010.xyz/11825.html
[2024-02-03 07:52:00] [preloader::task] Preloading URL https://use010.xyz/11817.html
[2024-02-03 07:52:02] [preloader::task] Preloading URL https://use010.xyz/11809.html
[2024-02-03 07:52:05] [preloader::task] Preloading URL https://use010.xyz/11794.html
[2024-02-03 07:52:07] [preloader::task] Preloading URL https://use010.xyz/11780.html
[2024-02-03 07:52:09] [preloader::task] Preloading URL https://use010.xyz/11771.html
[2024-02-03 07:52:12] [preloader::task] Preloading URL https://use010.xyz/11763.html
[2024-02-03 07:52:14] [preloader::task] Preloading URL https://use010.xyz/11751.html
[2024-02-03 07:52:16] [preloader::task] Preloading URL https://use010.xyz/11745.html
[2024-02-03 07:52:18] [preloader::task] Preloading URL https://use010.xyz/9164.html
[2024-02-03 07:52:20] [preloader::task] Preloading URL https://use010.xyz/11687.html
[2024-02-03 07:52:23] [preloader::task] Preloading URL https://use010.xyz/11679.html
[2024-02-03 07:52:25] [preloader::task] Preloading URL https://use010.xyz/11667.html
[2024-02-03 07:52:27] [preloader::task] Preloading URL https://use010.xyz/11658.html
[2024-02-03 07:52:29] [preloader::task] Preloading URL https://use010.xyz/10586.html
[2024-02-03 07:52:31] [preloader::task] Preloading URL https://use010.xyz/10569.html
[2024-02-03 07:52:34] [preloader::task] Preloading URL https://use010.xyz/10562.html
[2024-02-03 07:52:36] [preloader::task] Preloading URL https://use010.xyz/10554.html
[2024-02-03 07:52:38] [preloader::task] Preloading URL https://use010.xyz/
[2024-02-03 07:52:40] [preloader::task] Preloading complete
[2024-02-03 07:53:31] [cache_controller::ajax_purge_whole_cache] Purge whole Cloudflare cache
[2024-02-03 07:53:32] [cache_controller::purge_opcache] Purge OPcache cache
[2024-02-03 07:53:32] [cache_controller::purge_object_cache] Purge object cache
[2024-02-03 07:53:32] [cache_controller::purge_all] Purged whole Cloudflare cache
[2024-02-03 07:53:32] [cloudflare::start_preloader_for_all_urls] Getting last published posts for post types: Array
(
    [0] => post
    [1] => page
)

[2024-02-03 07:53:32] [cache_controller::start_cache_preloader_for_specific_urls] Adding 21 URLs to preloader queue
[2024-02-03 07:53:33] [preloader::task] Preloading URL https://use010.xyz/11838.html
[2024-02-03 07:53:35] [preloader::task] Preloading URL https://use010.xyz/11831.html
[2024-02-03 07:53:39] [preloader::task] Preloading URL https://use010.xyz/11825.html
[2024-02-03 07:53:42] [preloader::task] Preloading URL https://use010.xyz/11817.html
[2024-02-03 07:53:44] [preloader::task] Preloading URL https://use010.xyz/11809.html
[2024-02-03 07:53:47] [preloader::task] Preloading URL https://use010.xyz/11794.html
[2024-02-03 07:53:49] [preloader::task] Preloading URL https://use010.xyz/11780.html
[2024-02-03 07:53:51] [preloader::task] Preloading URL https://use010.xyz/11771.html
[2024-02-03 07:53:54] [preloader::task] Preloading URL https://use010.xyz/11763.html
[2024-02-03 07:53:56] [preloader::task] Preloading URL https://use010.xyz/11751.html
[2024-02-03 07:53:58] [preloader::task] Preloading URL https://use010.xyz/11745.html
[2024-02-03 07:54:01] [preloader::task] Preloading URL https://use010.xyz/9164.html
[2024-02-03 07:54:03] [preloader::task] Preloading URL https://use010.xyz/11687.html
[2024-02-03 07:54:05] [preloader::task] Preloading URL https://use010.xyz/11679.html
[2024-02-03 07:54:07] [preloader::task] Preloading URL https://use010.xyz/11667.html
[2024-02-03 07:54:09] [preloader::task] Preloading URL https://use010.xyz/11658.html
[2024-02-03 07:54:11] [preloader::task] Preloading URL https://use010.xyz/10586.html
[2024-02-03 07:54:13] [preloader::task] Preloading URL https://use010.xyz/10569.html
[2024-02-03 07:54:16] [preloader::task] Preloading URL https://use010.xyz/10562.html
[2024-02-03 07:54:18] [preloader::task] Preloading URL https://use010.xyz/10554.html
[2024-02-03 07:54:20] [preloader::task] Preloading URL https://use010.xyz/
[2024-02-03 07:54:22] [preloader::task] Preloading complete
[2024-02-03 07:55:35] [cache_controller::ajax_purge_whole_cache] Purge whole Cloudflare cache
[2024-02-03 07:55:36] [cache_controller::purge_opcache] Purge OPcache cache
[2024-02-03 07:55:36] [cache_controller::purge_object_cache] Purge object cache
[2024-02-03 07:55:36] [cache_controller::purge_all] Purged whole Cloudflare cache
[2024-02-03 07:55:36] [cloudflare::start_preloader_for_all_urls] Getting last published posts for post types: Array
(
    [0] => post
    [1] => page
)

[2024-02-03 07:55:36] [cache_controller::start_cache_preloader_for_specific_urls] Adding 21 URLs to preloader queue
[2024-02-03 07:55:37] [preloader::task] Preloading URL https://use010.xyz/11838.html
[2024-02-03 07:55:39] [preloader::task] Preloading URL https://use010.xyz/11831.html
[2024-02-03 07:55:43] [preloader::task] Preloading URL https://use010.xyz/11825.html
[2024-02-03 07:55:46] [preloader::task] Preloading URL https://use010.xyz/11817.html
[2024-02-03 07:55:48] [preloader::task] Preloading URL https://use010.xyz/11809.html
[2024-02-03 07:55:50] [preloader::task] Preloading URL https://use010.xyz/11794.html
[2024-02-03 07:55:53] [preloader::task] Preloading URL https://use010.xyz/11780.html
[2024-02-03 07:55:56] [preloader::task] Preloading URL https://use010.xyz/11771.html
[2024-02-03 07:55:58] [preloader::task] Preloading URL https://use010.xyz/11763.html
[2024-02-03 07:56:00] [preloader::task] Preloading URL https://use010.xyz/11751.html
[2024-02-03 07:56:03] [preloader::task] Preloading URL https://use010.xyz/11745.html
[2024-02-03 07:56:05] [preloader::task] Preloading URL https://use010.xyz/9164.html
[2024-02-03 07:56:07] [preloader::task] Preloading URL https://use010.xyz/11687.html
[2024-02-03 07:56:09] [preloader::task] Preloading URL https://use010.xyz/11679.html
[2024-02-03 07:56:12] [preloader::task] Preloading URL https://use010.xyz/11667.html
[2024-02-03 07:56:14] [preloader::task] Preloading URL https://use010.xyz/11658.html
[2024-02-03 07:56:16] [preloader::task] Preloading URL https://use010.xyz/10586.html
[2024-02-03 07:56:18] [preloader::task] Preloading URL https://use010.xyz/10569.html
[2024-02-03 07:56:20] [preloader::task] Preloading URL https://use010.xyz/10562.html
[2024-02-03 07:56:22] [preloader::task] Preloading URL https://use010.xyz/10554.html
[2024-02-03 07:56:25] [preloader::task] Preloading URL https://use010.xyz/
[2024-02-03 07:56:27] [preloader::task] Preloading complete
[2024-02-03 07:58:11] [cache_controller::ajax_purge_whole_cache] Purge whole Cloudflare cache
[2024-02-03 07:58:12] [cache_controller::purge_opcache] Purge OPcache cache
[2024-02-03 07:58:12] [cache_controller::purge_object_cache] Purge object cache
[2024-02-03 07:58:12] [cache_controller::purge_all] Purged whole Cloudflare cache
[2024-02-03 07:58:12] [cloudflare::start_preloader_for_all_urls] Getting last published posts for post types: Array
(
    [0] => post
    [1] => page
)

[2024-02-03 07:58:12] [cache_controller::start_cache_preloader_for_specific_urls] Adding 21 URLs to preloader queue
[2024-02-03 07:58:12] [preloader::task] Preloading URL https://use010.xyz/11838.html
[2024-02-03 07:58:15] [preloader::task] Preloading URL https://use010.xyz/11831.html
[2024-02-03 07:58:19] [preloader::task] Preloading URL https://use010.xyz/11825.html
[2024-02-03 07:58:21] [preloader::task] Preloading URL https://use010.xyz/11817.html
[2024-02-03 07:58:23] [preloader::task] Preloading URL https://use010.xyz/11809.html
[2024-02-03 07:58:26] [preloader::task] Preloading URL https://use010.xyz/11794.html
[2024-02-03 07:58:28] [preloader::task] Preloading URL https://use010.xyz/11780.html
[2024-02-03 07:58:30] [preloader::task] Preloading URL https://use010.xyz/11771.html
[2024-02-03 07:58:33] [preloader::task] Preloading URL https://use010.xyz/11763.html
[2024-02-03 07:58:35] [preloader::task] Preloading URL https://use010.xyz/11751.html
[2024-02-03 07:58:37] [preloader::task] Preloading URL https://use010.xyz/11745.html
[2024-02-03 07:58:40] [preloader::task] Preloading URL https://use010.xyz/9164.html
[2024-02-03 07:58:42] [preloader::task] Preloading URL https://use010.xyz/11687.html
[2024-02-03 07:58:44] [preloader::task] Preloading URL https://use010.xyz/11679.html
[2024-02-03 07:58:46] [preloader::task] Preloading URL https://use010.xyz/11667.html
[2024-02-03 07:58:48] [preloader::task] Preloading URL https://use010.xyz/11658.html
[2024-02-03 07:58:50] [preloader::task] Preloading URL https://use010.xyz/10586.html
[2024-02-03 07:58:52] [preloader::task] Preloading URL https://use010.xyz/10569.html
[2024-02-03 07:58:55] [preloader::task] Preloading URL https://use010.xyz/10562.html
[2024-02-03 07:58:57] [preloader::task] Preloading URL https://use010.xyz/10554.html
[2024-02-03 07:58:59] [preloader::task] Preloading URL https://use010.xyz/
[2024-02-03 07:59:02] [preloader::task] Preloading complete
[2024-02-03 08:00:18] [cache_controller::ajax_purge_whole_cache] Purge whole Cloudflare cache
[2024-02-03 08:00:19] [cache_controller::purge_opcache] Purge OPcache cache
[2024-02-03 08:00:19] [cache_controller::purge_object_cache] Purge object cache
[2024-02-03 08:00:19] [cache_controller::purge_all] Purged whole Cloudflare cache
[2024-02-03 08:00:19] [cloudflare::start_preloader_for_all_urls] Getting last published posts for post types: Array
(
    [0] => post
    [1] => page
)

[2024-02-03 08:00:19] [cache_controller::start_cache_preloader_for_specific_urls] Adding 21 URLs to preloader queue
[2024-02-03 08:00:20] [preloader::task] Preloading URL https://use010.xyz/11838.html
[2024-02-03 08:00:22] [preloader::task] Preloading URL https://use010.xyz/11831.html
[2024-02-03 08:00:27] [preloader::task] Preloading URL https://use010.xyz/11825.html
[2024-02-03 08:00:29] [preloader::task] Preloading URL https://use010.xyz/11817.html
[2024-02-03 08:00:31] [preloader::task] Preloading URL https://use010.xyz/11809.html
[2024-02-03 08:00:34] [preloader::task] Preloading URL https://use010.xyz/11794.html
[2024-02-03 08:00:36] [preloader::task] Preloading URL https://use010.xyz/11780.html
[2024-02-03 08:00:38] [preloader::task] Preloading URL https://use010.xyz/11771.html
[2024-02-03 08:00:41] [preloader::task] Preloading URL https://use010.xyz/11763.html
[2024-02-03 08:00:43] [preloader::task] Preloading URL https://use010.xyz/11751.html
[2024-02-03 08:00:45] [preloader::task] Preloading URL https://use010.xyz/11745.html
[2024-02-03 08:00:48] [preloader::task] Preloading URL https://use010.xyz/9164.html
[2024-02-03 08:00:50] [preloader::task] Preloading URL https://use010.xyz/11687.html
[2024-02-03 08:00:52] [preloader::task] Preloading URL https://use010.xyz/11679.html
[2024-02-03 08:00:55] [preloader::task] Preloading URL https://use010.xyz/11667.html
[2024-02-03 08:00:57] [preloader::task] Preloading URL https://use010.xyz/11658.html
[2024-02-03 08:00:59] [preloader::task] Preloading URL https://use010.xyz/10586.html
[2024-02-03 08:01:02] [preloader::task] Preloading URL https://use010.xyz/10569.html
[2024-02-03 08:01:04] [preloader::task] Preloading URL https://use010.xyz/10562.html
[2024-02-03 08:01:06] [preloader::task] Preloading URL https://use010.xyz/10554.html
[2024-02-03 08:01:09] [preloader::task] Preloading URL https://use010.xyz/
[2024-02-03 08:01:11] [preloader::task] Preloading complete
[2024-02-03 08:03:13] [cache_controller::ajax_purge_whole_cache] Purge whole Cloudflare cache
[2024-02-03 08:03:14] [cache_controller::purge_opcache] Purge OPcache cache
[2024-02-03 08:03:14] [cache_controller::purge_object_cache] Purge object cache
[2024-02-03 08:03:14] [cache_controller::purge_all] Purged whole Cloudflare cache
[2024-02-03 08:03:14] [cloudflare::start_preloader_for_all_urls] Getting last published posts for post types: Array
(
    [0] => post
    [1] => page
)

[2024-02-03 08:03:14] [cache_controller::start_cache_preloader_for_specific_urls] Adding 21 URLs to preloader queue
[2024-02-03 08:03:14] [preloader::task] Preloading URL https://use010.xyz/11838.html
[2024-02-03 08:03:17] [preloader::task] Preloading URL https://use010.xyz/11831.html
[2024-02-03 08:03:21] [preloader::task] Preloading URL https://use010.xyz/11825.html
[2024-02-03 08:03:23] [preloader::task] Preloading URL https://use010.xyz/11817.html
[2024-02-03 08:03:26] [preloader::task] Preloading URL https://use010.xyz/11809.html
[2024-02-03 08:03:28] [preloader::task] Preloading URL https://use010.xyz/11794.html
[2024-02-03 08:03:30] [preloader::task] Preloading URL https://use010.xyz/11780.html
[2024-02-03 08:03:32] [preloader::task] Preloading URL https://use010.xyz/11771.html
[2024-02-03 08:03:35] [preloader::task] Preloading URL https://use010.xyz/11763.html
[2024-02-03 08:03:37] [preloader::task] Preloading URL https://use010.xyz/11751.html
[2024-02-03 08:03:40] [preloader::task] Preloading URL https://use010.xyz/11745.html
[2024-02-03 08:03:42] [preloader::task] Preloading URL https://use010.xyz/9164.html
[2024-02-03 08:03:44] [preloader::task] Preloading URL https://use010.xyz/11687.html
[2024-02-03 08:03:46] [preloader::task] Preloading URL https://use010.xyz/11679.html
[2024-02-03 08:03:49] [preloader::task] Preloading URL https://use010.xyz/11667.html
[2024-02-03 08:03:51] [preloader::task] Preloading URL https://use010.xyz/11658.html
[2024-02-03 08:03:53] [preloader::task] Preloading URL https://use010.xyz/10586.html
[2024-02-03 08:03:56] [preloader::task] Preloading URL https://use010.xyz/10569.html
[2024-02-03 08:03:58] [preloader::task] Preloading URL https://use010.xyz/10562.html
[2024-02-03 08:04:00] [preloader::task] Preloading URL https://use010.xyz/10554.html
[2024-02-03 08:04:03] [preloader::task] Preloading URL https://use010.xyz/
[2024-02-03 08:04:05] [preloader::task] Preloading complete
[2024-02-03 08:09:41] [cache_controller::ajax_purge_whole_cache] Purge whole Cloudflare cache
[2024-02-03 08:09:42] [cache_controller::purge_opcache] Purge OPcache cache
[2024-02-03 08:09:42] [cache_controller::purge_object_cache] Purge object cache
[2024-02-03 08:09:42] [cache_controller::purge_all] Purged only 56 HTML pages from Cloudflare
[2024-02-03 08:09:42] [cloudflare::start_preloader_for_all_urls] Getting last published posts for post types: Array
(
    [0] => post
    [1] => page
)

[2024-02-03 08:09:42] [cache_controller::start_cache_preloader_for_specific_urls] Adding 21 URLs to preloader queue
[2024-02-03 08:09:43] [preloader::task] Preloading URL https://use010.xyz/11838.html
[2024-02-03 08:09:45] [preloader::task] Preloading URL https://use010.xyz/11831.html
[2024-02-03 08:09:50] [preloader::task] Preloading URL https://use010.xyz/11825.html
[2024-02-03 08:09:52] [preloader::task] Preloading URL https://use010.xyz/11817.html
[2024-02-03 08:09:54] [preloader::task] Preloading URL https://use010.xyz/11809.html
[2024-02-03 08:09:57] [preloader::task] Preloading URL https://use010.xyz/11794.html
[2024-02-03 08:09:59] [preloader::task] Preloading URL https://use010.xyz/11780.html
[2024-02-03 08:10:01] [preloader::task] Preloading URL https://use010.xyz/11771.html
[2024-02-03 08:10:04] [preloader::task] Preloading URL https://use010.xyz/11763.html
[2024-02-03 08:10:06] [preloader::task] Preloading URL https://use010.xyz/11751.html
[2024-02-03 08:10:09] [preloader::task] Preloading URL https://use010.xyz/11745.html
[2024-02-03 08:10:11] [preloader::task] Preloading URL https://use010.xyz/9164.html
[2024-02-03 08:10:13] [preloader::task] Preloading URL https://use010.xyz/11687.html
[2024-02-03 08:10:16] [preloader::task] Preloading URL https://use010.xyz/11679.html
[2024-02-03 08:10:19] [preloader::task] Preloading URL https://use010.xyz/11667.html
[2024-02-03 08:10:21] [preloader::task] Preloading URL https://use010.xyz/11658.html
[2024-02-03 08:10:23] [preloader::task] Preloading URL https://use010.xyz/10586.html
[2024-02-03 08:10:25] [preloader::task] Preloading URL https://use010.xyz/10569.html
[2024-02-03 08:10:28] [preloader::task] Preloading URL https://use010.xyz/10562.html
[2024-02-03 08:10:30] [preloader::task] Preloading URL https://use010.xyz/10554.html
[2024-02-03 08:10:32] [preloader::task] Preloading URL https://use010.xyz/
[2024-02-03 08:10:34] [preloader::task] Preloading complete
[2024-02-03 08:20:42] [cache_controller::ajax_purge_whole_cache] Purge whole Cloudflare cache
[2024-02-03 08:20:43] [cache_controller::purge_opcache] Purge OPcache cache
[2024-02-03 08:20:43] [cache_controller::purge_object_cache] Purge object cache
[2024-02-03 08:20:43] [cache_controller::purge_all] Purged whole Cloudflare cache
[2024-02-03 08:20:43] [cloudflare::start_preloader_for_all_urls] Getting last published posts for post types: Array
(
    [0] => post
    [1] => page
)

[2024-02-03 08:20:43] [cache_controller::start_cache_preloader_for_specific_urls] Adding 21 URLs to preloader queue
[2024-02-03 08:20:43] [preloader::task] Preloading URL https://use010.xyz/11838.html
[2024-02-03 08:20:46] [preloader::task] Preloading URL https://use010.xyz/11831.html
[2024-02-03 08:20:50] [preloader::task] Preloading URL https://use010.xyz/11825.html
[2024-02-03 08:20:52] [preloader::task] Preloading URL https://use010.xyz/11817.html
[2024-02-03 08:20:55] [preloader::task] Preloading URL https://use010.xyz/11809.html
[2024-02-03 08:20:57] [preloader::task] Preloading URL https://use010.xyz/11794.html
[2024-02-03 08:20:59] [preloader::task] Preloading URL https://use010.xyz/11780.html
[2024-02-03 08:21:02] [preloader::task] Preloading URL https://use010.xyz/11771.html
[2024-02-03 08:21:04] [preloader::task] Preloading URL https://use010.xyz/11763.html
[2024-02-03 08:21:06] [preloader::task] Preloading URL https://use010.xyz/11751.html
[2024-02-03 08:21:09] [preloader::task] Preloading URL https://use010.xyz/11745.html
[2024-02-03 08:21:11] [preloader::task] Preloading URL https://use010.xyz/9164.html
[2024-02-03 08:21:13] [preloader::task] Preloading URL https://use010.xyz/11687.html
[2024-02-03 08:21:16] [preloader::task] Preloading URL https://use010.xyz/11679.html
[2024-02-03 08:21:18] [preloader::task] Preloading URL https://use010.xyz/11667.html
[2024-02-03 08:21:20] [preloader::task] Preloading URL https://use010.xyz/11658.html
[2024-02-03 08:21:22] [preloader::task] Preloading URL https://use010.xyz/10586.html
[2024-02-03 08:21:25] [preloader::task] Preloading URL https://use010.xyz/10569.html
[2024-02-03 08:21:27] [preloader::task] Preloading URL https://use010.xyz/10562.html
[2024-02-03 08:21:29] [preloader::task] Preloading URL https://use010.xyz/10554.html
[2024-02-03 08:21:32] [preloader::task] Preloading URL https://use010.xyz/
[2024-02-03 08:21:34] [preloader::task] Preloading complete
[2024-02-03 08:23:05] [cache_controller::ajax_purge_whole_cache] Purge whole Cloudflare cache
[2024-02-03 08:23:06] [cache_controller::purge_opcache] Purge OPcache cache
[2024-02-03 08:23:06] [cache_controller::purge_object_cache] Purge object cache
[2024-02-03 08:23:06] [cache_controller::purge_all] Purged whole Cloudflare cache
[2024-02-03 08:23:06] [cloudflare::start_preloader_for_all_urls] Getting last published posts for post types: Array
(
    [0] => post
    [1] => page
)

[2024-02-03 08:23:06] [cache_controller::start_cache_preloader_for_specific_urls] Adding 21 URLs to preloader queue
[2024-02-03 08:23:06] [preloader::task] Preloading URL https://use010.xyz/11838.html
[2024-02-03 08:23:09] [preloader::task] Preloading URL https://use010.xyz/11831.html
[2024-02-03 08:23:13] [preloader::task] Preloading URL https://use010.xyz/11825.html
[2024-02-03 08:23:15] [preloader::task] Preloading URL https://use010.xyz/11817.html
[2024-02-03 08:23:17] [preloader::task] Preloading URL https://use010.xyz/11809.html
[2024-02-03 08:23:20] [preloader::task] Preloading URL https://use010.xyz/11794.html
[2024-02-03 08:23:22] [preloader::task] Preloading URL https://use010.xyz/11780.html
[2024-02-03 08:23:24] [preloader::task] Preloading URL https://use010.xyz/11771.html
[2024-02-03 08:23:27] [preloader::task] Preloading URL https://use010.xyz/11763.html
[2024-02-03 08:23:29] [preloader::task] Preloading URL https://use010.xyz/11751.html
[2024-02-03 08:23:32] [preloader::task] Preloading URL https://use010.xyz/11745.html
[2024-02-03 08:23:34] [preloader::task] Preloading URL https://use010.xyz/9164.html
[2024-02-03 08:23:36] [preloader::task] Preloading URL https://use010.xyz/11687.html
[2024-02-03 08:23:39] [preloader::task] Preloading URL https://use010.xyz/11679.html
[2024-02-03 08:23:41] [preloader::task] Preloading URL https://use010.xyz/11667.html
[2024-02-03 08:23:43] [preloader::task] Preloading URL https://use010.xyz/11658.html
[2024-02-03 08:23:46] [preloader::task] Preloading URL https://use010.xyz/10586.html
[2024-02-03 08:23:48] [preloader::task] Preloading URL https://use010.xyz/10569.html
[2024-02-03 08:23:50] [preloader::task] Preloading URL https://use010.xyz/10562.html
[2024-02-03 08:23:53] [preloader::task] Preloading URL https://use010.xyz/10554.html
[2024-02-03 08:23:55] [preloader::task] Preloading URL https://use010.xyz/
[2024-02-03 08:23:57] [preloader::task] Preloading complete
[2024-02-03 08:38:52] [cache_controller::purge_on_plugin_update] Purge whole Cloudflare cache (fired action: upgrader_process_complete)
[2024-02-03 08:45:58] [cache_controller::ajax_purge_whole_cache] Purge whole Cloudflare cache
[2024-02-03 08:46:00] [cache_controller::purge_opcache] Purge OPcache cache
[2024-02-03 08:46:00] [cache_controller::purge_object_cache] Purge object cache
[2024-02-03 08:46:00] [cache_controller::purge_all] Purged whole Cloudflare cache
[2024-02-03 08:46:00] [cloudflare::start_preloader_for_all_urls] Getting last published posts for post types: Array
(
    [0] => post
    [1] => page
)

[2024-02-03 08:46:00] [cache_controller::start_cache_preloader_for_specific_urls] Adding 21 URLs to preloader queue
[2024-02-03 08:46:00] [preloader::task] Preloading URL https://use010.xyz/11838.html
[2024-02-03 08:46:03] [preloader::task] Preloading URL https://use010.xyz/11831.html
[2024-02-03 08:46:07] [preloader::task] Preloading URL https://use010.xyz/11825.html
[2024-02-03 08:46:10] [preloader::task] Preloading URL https://use010.xyz/11817.html
[2024-02-03 08:46:12] [preloader::task] Preloading URL https://use010.xyz/11809.html
[2024-02-03 08:46:14] [preloader::task] Preloading URL https://use010.xyz/11794.html
[2024-02-03 08:46:16] [preloader::task] Preloading URL https://use010.xyz/11780.html
[2024-02-03 08:46:19] [preloader::task] Preloading URL https://use010.xyz/11771.html
[2024-02-03 08:46:21] [preloader::task] Preloading URL https://use010.xyz/11763.html
[2024-02-03 08:46:24] [preloader::task] Preloading URL https://use010.xyz/11751.html
[2024-02-03 08:46:26] [preloader::task] Preloading URL https://use010.xyz/11745.html
[2024-02-03 08:46:28] [preloader::task] Preloading URL https://use010.xyz/9164.html
[2024-02-03 08:46:30] [preloader::task] Preloading URL https://use010.xyz/11687.html
[2024-02-03 08:46:33] [preloader::task] Preloading URL https://use010.xyz/11679.html
[2024-02-03 08:46:35] [preloader::task] Preloading URL https://use010.xyz/11667.html
[2024-02-03 08:46:37] [preloader::task] Preloading URL https://use010.xyz/11658.html
[2024-02-03 08:46:40] [preloader::task] Preloading URL https://use010.xyz/10586.html
[2024-02-03 08:46:42] [preloader::task] Preloading URL https://use010.xyz/10569.html
[2024-02-03 08:46:44] [preloader::task] Preloading URL https://use010.xyz/10562.html
[2024-02-03 08:46:47] [preloader::task] Preloading URL https://use010.xyz/10554.html
[2024-02-03 08:46:49] [preloader::task] Preloading URL https://use010.xyz/
[2024-02-03 08:46:51] [preloader::task] Preloading complete
